<?xml version="1.0" encoding="UTF-8"?>
<!-- Generated by org.testng.reporters.JUnitXMLReporter -->
<testsuite ignored="0" hostname="MaheshGHuddar" failures="1" tests="11" name="Test" time="127.616" errors="0" timestamp="2024-10-05T11:22:32 IST">
  <testcase classname="testCases.logoandtitle" name="logotitlecheck" time="0.102"/>
  <testcase classname="testCases.T002_mainbartest" name="maintitlecheck" time="0.275"/>
  <testcase classname="testCases.T003_hoveraction" name="ha" time="22.197"/>
  <testcase classname="testCases.T004_Tutorialsubnames" name="tutorial" time="0.092">
    <failure type="java.lang.AssertionError" message="expected [C++ Programs] but found [C+ Programs]">
      <![CDATA[java.lang.AssertionError: expected [C++ Programs] but found [C+ Programs]
at testCases.T004_Tutorialsubnames.tutorial(T004_Tutorialsubnames.java:25)
at java.base/java.util.ArrayList.forEach(ArrayList.java:1597)
... Removed 31 stack frames]]>
    </failure>
  </testcase> <!-- tutorial -->
  <testcase classname="testCases.T004_Tutorialsubnames" name="project" time="0.113"/>
  <testcase classname="testCases.T004_Tutorialsubnames" name="firstyear" time="0.097"/>
  <testcase classname="testCases.T004_Tutorialsubnames" name="CSE_notes" time="0.1"/>
  <testcase classname="testCases.T004_Tutorialsubnames" name="ECE_notes" time="0.091"/>
  <testcase classname="testCases.T004_Tutorialsubnames" name="ME_notes" time="0.092"/>
  <testcase classname="testCases.T004_Tutorialsubnames" name="EE_notes" time="0.115"/>
  <testcase classname="testCases.T004_Tutorialsubnames" name="QPS" time="0.154"/>
</testsuite> <!-- Test -->
