<?xml version="1.0" encoding="UTF-8"?>
<testng-results ignored="7" total="8" passed="1" failed="0" skipped="0">
  <reporter-output>
  </reporter-output>
  <suite started-at="2024-10-05T11:24:06 IST" name="Failed suite [Suite1]" finished-at="2024-10-05T11:24:30 IST" duration-ms="24626">
    <groups>
      <group name="datadriven">
        <method signature="T004_Tutorialsubnames.tutorial()[pri:1, instance:testCases.T004_Tutorialsubnames@38145825]" name="tutorial" class="testCases.T004_Tutorialsubnames"/>
      </group> <!-- datadriven -->
    </groups>
    <test started-at="2024-10-05T11:24:06 IST" name="Test(failed)" finished-at="2024-10-05T11:24:30 IST" duration-ms="24626">
      <class name="testCases.T004_Tutorialsubnames">
        <test-method is-config="true" signature="openurl(java.lang.String,java.lang.String)[pri:0, instance:testCases.T004_Tutorialsubnames@38145825]" started-at="2024-10-05T11:24:06 IST" name="openurl" finished-at="2024-10-05T11:24:30 IST" duration-ms="23887" status="PASS">
          <params>
            <param index="0">
              <value>
                <![CDATA[window]]>
              </value>
            </param>
            <param index="1">
              <value>
                <![CDATA[Chrome]]>
              </value>
            </param>
          </params>
          <reporter-output>
          </reporter-output>
        </test-method> <!-- openurl -->
        <test-method signature="tutorial()[pri:1, instance:testCases.T004_Tutorialsubnames@38145825]" started-at="2024-10-05T11:24:30 IST" name="tutorial" finished-at="2024-10-05T11:24:30 IST" duration-ms="347" status="PASS">
          <reporter-output>
          </reporter-output>
        </test-method> <!-- tutorial -->
        <test-method is-config="true" signature="close()[pri:0, instance:testCases.T004_Tutorialsubnames@38145825]" started-at="2024-10-05T11:24:30 IST" name="close" finished-at="2024-10-05T11:24:30 IST" duration-ms="155" status="PASS">
          <reporter-output>
          </reporter-output>
        </test-method> <!-- close -->
      </class> <!-- testCases.T004_Tutorialsubnames -->
    </test> <!-- Test(failed) -->
  </suite> <!-- Failed suite [Suite1] -->
</testng-results>
